This file contains any messages produced by compilers while
running configure, to aid debugging if configure makes a mistake.

configure:594: checking host system type
configure:646: checking whether make sets ${MAKE}
configure:679: checking for gcc
configure:711: checking whether the C compiler (gcc  ) works
configure:727: gcc -o conftest    conftest.c  1>&5
configure:753: checking whether the C compiler (gcc  ) is a cross-compiler
configure:758: checking whether we are using GNU C
configure:767: gcc -E conftest.c
configure:783: checking for c++
configure:815: checking whether the C++ compiler (c++  ) works
configure:831: c++ -o conftest    conftest.C  1>&5
configure:857: checking whether the C++ compiler (c++  ) is a cross-compiler
configure:862: checking whether we are using GNU C++
configure:871: c++ -E conftest.C
configure:885: checking for ranlib
configure:921: checking for cpp
configure:965: checking for perl
configure:1002: checking for f90
configure:1002: checking for pgf90
configure:1002: checking for xlf90
configure:1039: checking for f77
configure:1076: checking for ar
configure:1113: checking for mkdir
configure:1264: checking how to run the C preprocessor
configure:1344: checking for ANSI C header files
configure:1357: /lib/cpp  conftest.c >/dev/null 2>conftest.out
configure:1424: gcc -o conftest    conftest.c  1>&5
configure:1451: checking whether byte ordering is bigendian
configure:1469: gcc -c   conftest.c 1>&5
configure:1484: gcc -c   conftest.c 1>&5
configure: In function `main':
configure:1479: `not' undeclared (first use in this function)
configure:1479: (Each undeclared identifier is reported only once
configure:1479: for each function it appears in.)
configure:1479: parse error before "big"
configure: failed program was:
#line 1473 "configure"
#include "confdefs.h"
#include <sys/types.h>
#include <sys/param.h>
int main() {

#if BYTE_ORDER != BIG_ENDIAN
 not big endian
#endif
; return 0; }
configure:1554: checking for working const
configure:1608: gcc -c   conftest.c 1>&5
configure:1629: checking for inline
configure:1643: gcc -c   conftest.c 1>&5
configure:1678: checking size of long long
configure:1697: gcc -o conftest    conftest.c  1>&5
configure:1724: checking size of long int
configure:1743: gcc -o conftest    conftest.c  1>&5
configure:1770: checking size of int
configure:1789: gcc -o conftest    conftest.c  1>&5
configure:1816: checking size of short int
configure:1835: gcc -o conftest    conftest.c  1>&5
configure:1864: checking size of long double
configure:1883: gcc -o conftest    conftest.c  1>&5
configure:1910: checking size of double
configure:1929: gcc -o conftest    conftest.c  1>&5
configure:1957: checking size of float
configure:1976: gcc -o conftest    conftest.c  1>&5
configure:2005: checking size of char *
configure:2024: gcc -o conftest    conftest.c  1>&5
configure:2056: checking for the null device
configure:2093: checking for X
configure:2160: /lib/cpp  conftest.c >/dev/null 2>conftest.out
configure:2156:27: X11/Intrinsic.h: No such file or directory
configure: failed program was:
#line 2155 "configure"
#include "confdefs.h"
#include <X11/Intrinsic.h>
configure:2236: gcc -o conftest    conftest.c -lXt  1>&5
/usr/bin/ld: cannot find -lXt
collect2: ld returned 1 exit status
configure: failed program was:
#line 2229 "configure"
#include "confdefs.h"

int main() {
XtMalloc()
; return 0; }
configure:2356: checking for gethostbyname
configure:2384: gcc -o conftest    conftest.c   >&5
configure:2457: checking if mode_t is defined
configure:2472: gcc -c   conftest.c 1>&5
configure:2498: checking for availability of gettimeofday timing
configure:2511: gcc -o conftest    conftest.c   >&5
configure:2533: checking if gettimeofday needs timezone
configure:2551: gcc -o conftest    conftest.c   >&5
configure:2574: checking for availability of getrusage timing
configure:2592: gcc -o conftest    conftest.c   >&5
configure:2614: checking for availability of _ftime timing
configure:2632: gcc -o conftest    conftest.c   >&5
configure: In function `main':
configure:2625: storage size of `timebs' isn't known
configure: failed program was:
#line 2619 "configure"
#include "confdefs.h"
#include <stdio.h>
#include <time.h>
#include <sys/types.h>
#include <sys/timeb.h>
int main() {
  struct _timeb timebs;
  _ftime(&timebs);
  printf("%f\n",(double)(timebs.time + timebs.millitm/1000.0));
  return 0;
; return 0; }
configure:2659: checking for time.h
configure:2672: gcc -c   conftest.c 1>&5
configure:2699: checking for sys/time.h
configure:2712: gcc -c   conftest.c 1>&5
configure:2739: checking for sys/types.h
configure:2752: gcc -c   conftest.c 1>&5
configure:2779: checking for unistd.h
configure:2792: gcc -c   conftest.c 1>&5
configure:2819: checking for string.h
configure:2832: gcc -c   conftest.c 1>&5
configure:2859: checking for assert.h
configure:2872: gcc -c   conftest.c 1>&5
configure:2899: checking for sys/stat.h
configure:2912: gcc -c   conftest.c 1>&5
configure:2939: checking for getopt.h
configure:2952: gcc -c   conftest.c 1>&5
configure:2979: checking for dirent.h
configure:2992: gcc -c   conftest.c 1>&5
configure:3016: checking for regex.h
configure:3029: gcc -c   conftest.c 1>&5
configure:3054: checking for sys/socket.h
configure:3069: gcc -c   conftest.c 1>&5
configure:3096: checking for netinet/in.h
configure:3111: gcc -c   conftest.c 1>&5
configure:3138: checking for netdb.h
configure:3153: gcc -c   conftest.c 1>&5
configure:3180: checking for arpa/inet.h
configure:3195: gcc -c   conftest.c 1>&5
configure:3222: checking for winsock2.h
configure:3235: gcc -c   conftest.c 1>&5
configure:3229:22: winsock2.h: No such file or directory
configure: failed program was:
#line 3227 "configure"
#include "confdefs.h"
 
#include <winsock2.h>
int main() {
 
; return 0; }
configure:3262: checking for crypt.h
configure:3277: gcc -c   conftest.c 1>&5
configure:3302: checking whether time.h and sys/time.h may both be included
configure:3316: gcc -c   conftest.c 1>&5
configure:3341: checking if socklen_t is defined
configure:3366: gcc -c   conftest.c 1>&5
configure:3391: checking if SOCKET is defined
configure:3416: gcc -c   conftest.c 1>&5
configure: In function `main':
configure:3412: `SOCKET' undeclared (first use in this function)
configure:3412: (Each undeclared identifier is reported only once
configure:3412: for each function it appears in.)
configure:3412: parse error before "foo"
configure: failed program was:
#line 3396 "configure"
#include "confdefs.h"
#include <stdio.h>
#include <stdlib.h>
#ifdef HAVE_UNISTD_H
#include <unistd.h>
#endif
#ifdef HAVE_SYS_TYPES_H
#include <sys/types.h>
#endif
#ifdef HAVE_SYS_SOCKET_H
#include <sys/socket.h>
#endif
#ifdef HAVE_WINSOCK2_H
#include <winsock2.h>
#endif
int main() {
SOCKET foo; return 0
; return 0; }
configure:3441: checking if __int64 is defined
configure:3453: gcc -c   conftest.c 1>&5
configure: In function `main':
configure:3449: `__int64' undeclared (first use in this function)
configure:3449: (Each undeclared identifier is reported only once
configure:3449: for each function it appears in.)
configure:3449: parse error before "foo"
configure: failed program was:
#line 3446 "configure"
#include "confdefs.h"

int main() {
__int64 foo; return 0
; return 0; }
configure:3488: checking for vector
configure:3501: c++ -c   conftest.C 1>&5
configure:3488: checking for vector.h
configure:3501: c++ -c   conftest.C 1>&5
In file included from /usr/include/c++/3.1.1/backward/vector.h:59,
                 from configure:3495:
/usr/include/c++/3.1.1/backward/backward_warning.h:32:2: warning: #warning This file includes at least one deprecated or antiquated header. Please consider using one of the 32 headers found in section 17.4.1.2 of the C++ standard. Examples include substituting the <X> header for the <X.h> header for C++ includes, or <sstream> instead of the deprecated header <strstream.h>. To disable this warning use -Wno-deprecated.
configure:3548: c++ -c   conftest.C 1>&5
configure:3574: checking for getopt_long_only
configure:3602: gcc -o conftest    conftest.c   >&5
configure:3647: checking for crypt
configure:3675: gcc -o conftest    conftest.c   >&5
/tmp/ccQxKJ1o.o(.text+0x11): In function `main':
: undefined reference to `crypt'
collect2: ld returned 1 exit status
configure: failed program was:
#line 3652 "configure"
#include "confdefs.h"
/* System header to define __stub macros and hopefully few prototypes,
    which can conflict with char crypt(); below.  */
#include <assert.h>
/* Override any gcc2 internal prototype to avoid an error.  */
/* We use char because int might match the return type of a gcc2
    builtin and then its argument prototype would still apply.  */
char crypt();

int main() {

/* The GNU C library defines this for functions which it implements
    to always fail with ENOSYS.  Some functions are actually named
    something starting with __ and the normal name is an alias.  */
#if defined (__stub_crypt) || defined (__stub___crypt)
choke me
#else
crypt();
#endif

; return 0; }
configure:3693: checking for crypt in library crypt
configure:3713: gcc -o conftest    conftest.c   -lcrypt >&5
configure:3755: checking for finite
configure:3783: gcc -o conftest    conftest.c   -lcrypt >&5
configure:3868: checking for isnan
configure:3896: gcc -o conftest    conftest.c   -lcrypt >&5
